{"logTime": "0921/223238", "correlationVector":"nHGW0z2LpO03GdzXINraC/.1","action":"SyncServerConnectionManagerRequest", "result":"SYNC_SERVER_OK", "context":{"environment":"Prod_EastUS2_000e", "migrationStage":"NotStarted", "server":"GENERAL01000017"}}
{"logTime": "0921/223239", "correlationVector":"nHGW0z2LpO03GdzXINraC/.2","action":"AAD.Mip.Unpack", "result":"Success", "context":MIP_CLOUD_COMMERCIAL:Success}
{"logTime": "0921/223239", "correlationVector":"nHGW0z2LpO03GdzXINraC/.3","action":"AAD.GetKeyResponse", "result":"Success", "context":Keys=4.LastKeyStatus=Normal. 2024-08-06 19:40:31 -06.State=None. Tags: Current_encryption_keys_tag = RzHvv71077+9Iu+/vQd6G3Hbgibvv70jEhsrx48O77+924kadUbvv73vv73ThA==, Updated_current_encryption_keys_tag = Empty}
{"logTime": "0921/223239", "correlationVector":"nHGW0z2LpO03GdzXINraC/","action":"Initial GetUpdates", "result":"", "context":Reason: NEW_CLIENT. cV=nHGW0z2LpO03GdzXINraC/}
{"logTime": "0921/223239", "correlationVector":"nHGW0z2LpO03GdzXINraC/.4","action":"GetUpdates Response", "result":"Success", "context":Received 1 update(s). cV=nHGW0z2LpO03GdzXINraC/.0;server=GENERAL01000017;cloudType=Multitenant;environment=Prod_EastUS2_000e;migrationStage=NotStarted}
{"logTime": "0921/223239", "correlationVector":"f/9e26LghqFswCl5ITDwVT","action":"Initial GetUpdates", "result":"", "context":Reason: NEW_CLIENT. cV=f/9e26LghqFswCl5ITDwVT}
{"logTime": "0921/223239", "correlationVector":"f/9e26LghqFswCl5ITDwVT.1","action":"SyncServerConnectionManagerRequest", "result":"SYNC_SERVER_OK", "context":{"environment":"Prod_EastUS2_000e", "migrationStage":"NotStarted", "server":"GENERAL0100000E"}}
{"logTime": "0921/223239", "correlationVector":"f/9e26LghqFswCl5ITDwVT.2","action":"GetUpdates Response", "result":"Success", "context":Received 59 update(s). cV=f/9e26LghqFswCl5ITDwVT.0;server=GENERAL0100000E;cloudType=Multitenant;environment=Prod_EastUS2_000e;migrationStage=NotStarted}
{"logTime": "0921/223239", "correlationVector":"nJN4cwq3xNAtJSOQ3ESqlQ","action":"Initial GetUpdates", "result":"", "context":Reason: NEW_CLIENT. cV=nJN4cwq3xNAtJSOQ3ESqlQ}
{"logTime": "0921/223240", "correlationVector":"nJN4cwq3xNAtJSOQ3ESqlQ.1","action":"SyncServerConnectionManagerRequest", "result":"SYNC_SERVER_OK", "context":{"environment":"Prod_EastUS2_000e", "migrationStage":"NotStarted", "server":"GENERAL01000029"}}
{"logTime": "0921/223240", "correlationVector":"nJN4cwq3xNAtJSOQ3ESqlQ.2","action":"GetUpdates Response", "result":"Success", "context":Received 5 update(s). cV=nJN4cwq3xNAtJSOQ3ESqlQ.0;server=GENERAL01000029;cloudType=Multitenant;environment=Prod_EastUS2_000e;migrationStage=NotStarted}
{"logTime": "0921/223240", "correlationVector":"0n6sREozh1BKLJqUBg/1i2","action":"Initial GetUpdates", "result":"", "context":Reason: NEW_CLIENT. cV=0n6sREozh1BKLJqUBg/1i2}
{"logTime": "0921/223240", "correlationVector":"0n6sREozh1BKLJqUBg/1i2.1","action":"SyncServerConnectionManagerRequest", "result":"SYNC_SERVER_OK", "context":{"environment":"Prod_EastUS2_000e", "migrationStage":"NotStarted", "server":"GENERAL0100001F"}}
{"logTime": "0921/223240", "correlationVector":"0n6sREozh1BKLJqUBg/1i2.2","action":"GetUpdates Response", "result":"Success", "context":Received 23 update(s). cV=0n6sREozh1BKLJqUBg/1i2.0;server=GENERAL0100001F;cloudType=Multitenant;environment=Prod_EastUS2_000e;migrationStage=NotStarted}
{"logTime": "0921/223240", "correlationVector":"8HPnBaQocRZm0lIQfCRlSH","action":"Normal GetUpdate request", "result":"", "context":cV=8HPnBaQocRZm0lIQfCRlSH
Nudged types: Sessions, Device Info, User Consents
Refresh requested types: Bookmarks, Preferences, Passwords, Autofill Profiles, Autofill, Typed URLs, Extensions, Sessions, Extension settings, History Delete Directives, Device Info, User Consents, Send Tab To Self, Web Apps, Collection, Edge E Drop, Edge Hub App Usage, Edge Tab Group, Edge Wallet, Encryption Keys}
{"logTime": "0921/223240", "correlationVector":"8HPnBaQocRZm0lIQfCRlSH.1","action":"SyncServerConnectionManagerRequest", "result":"SYNC_SERVER_OK", "context":{"environment":"Prod_EastUS2_000e", "migrationStage":"NotStarted", "server":"GENERAL0100002B"}}
{"logTime": "0921/223240", "correlationVector":"8HPnBaQocRZm0lIQfCRlSH.2","action":"GetUpdates Response", "result":"Success", "context":Received 0 update(s). cV=8HPnBaQocRZm0lIQfCRlSH.0;server=GENERAL0100002B;cloudType=Multitenant;environment=Prod_EastUS2_000e;migrationStage=NotStarted}
{"logTime": "0921/223240", "correlationVector":"q9KW2drHXREJ56LqkqvV7o","action":"DoCompareDataConsistency requsted types: ", "result":"Bookmarks, Preferences, Passwords, Typed URLs, Extensions, Extension settings, History Delete Directives, Send Tab To Self, Web Apps, Collection, Edge E Drop, Edge Tab Group, Edge Wallet, Encryption Keys"}
{"logTime": "0921/223240", "correlationVector":"q9KW2drHXREJ56LqkqvV7o.0","action":"CompareDataConsistency result: ", "result":"Compare result: Encryption Keys is consistent. local entities count is: 1 local entities hash is: xLIV5nh71+zdJwJA4vmj0HNkRP8="}
{"logTime": "0921/223240", "correlationVector":"q9KW2drHXREJ56LqkqvV7o.1","action":"CompareDataConsistency result: ", "result":"Compare result: Bookmarks is consistent. local entities count is: 3 local entities hash is: jvpI965I2HXn/hqWvW/JlFgi1fE="}
{"logTime": "0921/223240", "correlationVector":"q9KW2drHXREJ56LqkqvV7o.2","action":"CompareDataConsistency result: ", "result":"Compare result: Preferences is consistent. local entities count is: 52 local entities hash is: aji4UF3PnFY+eidRoPk8SuxK+eU="}
{"logTime": "0921/223240", "correlationVector":"q9KW2drHXREJ56LqkqvV7o.3","action":"CompareDataConsistency result: ", "result":"Compare result: Passwords is consistent. local entities count is: 1 local entities hash is: GtOhEq8eXXzc23F0LtAqNk8Ev8U="}
{"logTime": "0921/223240", "correlationVector":"q9KW2drHXREJ56LqkqvV7o.4","action":"CompareDataConsistency result: ", "result":"Server did not send this Typed URLs local entities count is: 3 local entities hash is: sNcbg+8p9cHuGp5cRt1TlNB2eHM="}
{"logTime": "0921/223240", "correlationVector":"q9KW2drHXREJ56LqkqvV7o.5","action":"CompareDataConsistency result: ", "result":"Compare result: Extensions is consistent. local entities count is: 0 local entities hash is: "}
{"logTime": "0921/223240", "correlationVector":"q9KW2drHXREJ56LqkqvV7o.6","action":"CompareDataConsistency result: ", "result":"Compare result: Extension settings is consistent. local entities count is: 0 local entities hash is: "}
{"logTime": "0921/223240", "correlationVector":"q9KW2drHXREJ56LqkqvV7o.7","action":"CompareDataConsistency result: ", "result":"Compare result: History Delete Directives is consistent. local entities count is: 0 local entities hash is: "}
{"logTime": "0921/223240", "correlationVector":"q9KW2drHXREJ56LqkqvV7o.8","action":"CompareDataConsistency result: ", "result":"Server did not send this Send Tab To Self local entities count is: 0 local entities hash is: "}
{"logTime": "0921/223240", "correlationVector":"q9KW2drHXREJ56LqkqvV7o.9","action":"CompareDataConsistency result: ", "result":"Compare result: Web Apps is consistent. local entities count is: 0 local entities hash is: "}
{"logTime": "0921/223240", "correlationVector":"q9KW2drHXREJ56LqkqvV7o.10","action":"CompareDataConsistency result: ", "result":"Compare result: Collection is consistent. local entities count is: 0 local entities hash is: "}
{"logTime": "0921/223240", "correlationVector":"q9KW2drHXREJ56LqkqvV7o.11","action":"CompareDataConsistency result: ", "result":"Compare result: Edge E Drop is consistent. local entities count is: 0 local entities hash is: "}
{"logTime": "0921/223240", "correlationVector":"q9KW2drHXREJ56LqkqvV7o.12","action":"CompareDataConsistency result: ", "result":"Compare result: Edge Tab Group is consistent. local entities count is: 0 local entities hash is: "}
{"logTime": "0921/223240", "correlationVector":"q9KW2drHXREJ56LqkqvV7o.13","action":"CompareDataConsistency result: ", "result":"Compare result: Edge Wallet is consistent. local entities count is: 0 local entities hash is: "}
{"logTime": "0921/223240", "correlationVector":"Zy8lrxCHqWj4FECD062bhg","action":"Commit Request", "result":"", "context":Item count: 5
Contributing types: Sessions, Device Info, User Consents}
{"logTime": "0921/223240", "correlationVector":"Zy8lrxCHqWj4FECD062bhg.1","action":"SyncServerConnectionManagerRequest", "result":"SYNC_SERVER_OK", "context":{"environment":"Prod_EastUS2_000e", "migrationStage":"NotStarted", "server":"GENERAL01000010"}}
{"logTime": "0921/223240", "correlationVector":"Zy8lrxCHqWj4FECD062bhg.2","action":"Commit Response", "result":"Success", "context":Result: Success. cV=Zy8lrxCHqWj4FECD062bhg.0;server=GENERAL01000010;cloudType=Multitenant;environment=Prod_EastUS2_000e;migrationStage=NotStarted}
{"logTime": "0921/223240", "correlationVector":"","action":"DIAGNOSTIC_REQUEST|v1/diagnosticData/Diagnostic.SendCheckResult()|SUCCESS", "result":""}
{"logTime": "0921/223241", "correlationVector":"cMAoZZopd/UUGRYB88QtsP","action":"Normal GetUpdate request", "result":"", "context":cV=cMAoZZopd/UUGRYB88QtsP
Nudged types: Sessions, Device Info}
{"logTime": "0921/223241", "correlationVector":"cMAoZZopd/UUGRYB88QtsP.1","action":"SyncServerConnectionManagerRequest", "result":"SYNC_SERVER_OK", "context":{"environment":"Prod_EastUS2_000e", "migrationStage":"NotStarted", "server":"general0100000V"}}
{"logTime": "0921/223241", "correlationVector":"cMAoZZopd/UUGRYB88QtsP.2","action":"GetUpdates Response", "result":"Success", "context":Received 3 update(s). cV=cMAoZZopd/UUGRYB88QtsP.0;server=general0100000V;cloudType=Multitenant;environment=Prod_EastUS2_000e;migrationStage=NotStarted}
{"logTime": "0921/224710", "correlationVector":"2Pmz/5VjxPfhaJGkAaINaH.1","action":"SyncServerConnectionManagerRequest", "result":"SYNC_SERVER_OK", "context":{"environment":"Prod_EastUS2_000e", "migrationStage":"NotStarted", "server":"GENERAL01000013"}}
{"logTime": "0921/224711", "correlationVector":"2Pmz/5VjxPfhaJGkAaINaH.2","action":"AAD.Mip.Unpack", "result":"Success", "context":MIP_CLOUD_COMMERCIAL:Success}
{"logTime": "0921/224711", "correlationVector":"2Pmz/5VjxPfhaJGkAaINaH.3","action":"AAD.GetKeyResponse", "result":"Success", "context":Keys=4.LastKeyStatus=Normal. 2024-08-06 19:40:31 -06.State=None. Tags: Current_encryption_keys_tag = RzHvv71077+9Iu+/vQd6G3Hbgibvv70jEhsrx48O77+924kadUbvv73vv73ThA==, Updated_current_encryption_keys_tag = Empty}
{"logTime": "0921/224711", "correlationVector":"2Pmz/5VjxPfhaJGkAaINaH","action":"Initial GetUpdates", "result":"", "context":Reason: NEW_CLIENT. cV=2Pmz/5VjxPfhaJGkAaINaH}
{"logTime": "0921/224711", "correlationVector":"2Pmz/5VjxPfhaJGkAaINaH.4","action":"GetUpdates Response", "result":"Success", "context":Received 1 update(s). cV=2Pmz/5VjxPfhaJGkAaINaH.0;server=GENERAL01000013;cloudType=Multitenant;environment=Prod_EastUS2_000e;migrationStage=NotStarted}
{"logTime": "0921/224711", "correlationVector":"DcSYzBlACK88sfnQPjLqoV","action":"Initial GetUpdates", "result":"", "context":Reason: NEWLY_SUPPORTED_DATATYPE. cV=DcSYzBlACK88sfnQPjLqoV}
{"logTime": "0921/224711", "correlationVector":"DcSYzBlACK88sfnQPjLqoV.1","action":"SyncServerConnectionManagerRequest", "result":"SYNC_SERVER_OK", "context":{"environment":"Prod_EastUS2_000e", "migrationStage":"NotStarted", "server":"GENERAL0100001Y"}}
{"logTime": "0921/224711", "correlationVector":"DcSYzBlACK88sfnQPjLqoV.2","action":"GetUpdates Response", "result":"Success", "context":Received 1 update(s). cV=DcSYzBlACK88sfnQPjLqoV.0;server=GENERAL0100001Y;cloudType=Multitenant;environment=Prod_EastUS2_000e;migrationStage=NotStarted}
{"logTime": "0921/224711", "correlationVector":"cvkzgVuExC/CRkRP5Jq5t6","action":"Normal GetUpdate request", "result":"", "context":cV=cvkzgVuExC/CRkRP5Jq5t6
Nudged types: Sessions
Refresh requested types: Bookmarks, Preferences, Passwords, Autofill Profiles, Autofill, Typed URLs, Extensions, Sessions, Extension settings, History Delete Directives, Device Info, User Consents, Send Tab To Self, Web Apps, Collection, Edge E Drop, Edge Hub App Usage, Edge Tab Group, Edge Wallet, Encryption Keys}
{"logTime": "0921/224712", "correlationVector":"cvkzgVuExC/CRkRP5Jq5t6.1","action":"SyncServerConnectionManagerRequest", "result":"SYNC_SERVER_OK", "context":{"environment":"Prod_EastUS2_000e", "migrationStage":"NotStarted", "server":"GENERAL0100000E"}}
{"logTime": "0921/224712", "correlationVector":"cvkzgVuExC/CRkRP5Jq5t6.2","action":"GetUpdates Response", "result":"Success", "context":Received 0 update(s). cV=cvkzgVuExC/CRkRP5Jq5t6.0;server=GENERAL0100000E;cloudType=Multitenant;environment=Prod_EastUS2_000e;migrationStage=NotStarted}
{"logTime": "0921/224712", "correlationVector":"AiMLNcUB/Bow9SdHtjliC1","action":"Commit Request", "result":"", "context":Item count: 3
Contributing types: Sessions}
{"logTime": "0921/224712", "correlationVector":"AiMLNcUB/Bow9SdHtjliC1.1","action":"SyncServerConnectionManagerRequest", "result":"SYNC_SERVER_OK", "context":{"environment":"Prod_EastUS2_000e", "migrationStage":"NotStarted", "server":"GENERAL0100002A"}}
{"logTime": "0921/224712", "correlationVector":"AiMLNcUB/Bow9SdHtjliC1.2","action":"Commit Response", "result":"Success", "context":Result: Success. cV=AiMLNcUB/Bow9SdHtjliC1.0;server=GENERAL0100002A;cloudType=Multitenant;environment=Prod_EastUS2_000e;migrationStage=NotStarted}
{"logTime": "0921/224742", "correlationVector":"fr9EjMJ9kfsHTONFGo66iB","action":"Normal GetUpdate request", "result":"", "context":cV=fr9EjMJ9kfsHTONFGo66iB
Nudged types: Sessions}
{"logTime": "0921/224742", "correlationVector":"fr9EjMJ9kfsHTONFGo66iB.1","action":"SyncServerConnectionManagerRequest", "result":"SYNC_SERVER_OK", "context":{"environment":"Prod_EastUS2_000e", "migrationStage":"NotStarted", "server":"GENERAL01000005"}}
{"logTime": "0921/224742", "correlationVector":"fr9EjMJ9kfsHTONFGo66iB.2","action":"GetUpdates Response", "result":"Success", "context":Received 3 update(s). cV=fr9EjMJ9kfsHTONFGo66iB.0;server=GENERAL01000005;cloudType=Multitenant;environment=Prod_EastUS2_000e;migrationStage=NotStarted}
{"logTime": "0921/224742", "correlationVector":"9Mdh603J9UyrLg69ePeTCP","action":"Commit Request", "result":"", "context":Item count: 1
Contributing types: Sessions}
{"logTime": "0921/224742", "correlationVector":"9Mdh603J9UyrLg69ePeTCP.1","action":"SyncServerConnectionManagerRequest", "result":"SYNC_SERVER_OK", "context":{"environment":"Prod_EastUS2_000e", "migrationStage":"NotStarted", "server":"GENERAL0100002M"}}
{"logTime": "0921/224742", "correlationVector":"9Mdh603J9UyrLg69ePeTCP.3","action":"Commit.Sessions", "result":"Success", "context":{"id":"73a4086f-d952-4c24-b790-75f544b20a18", "isDeleted":"true", "size":"0", "version":"1726958832186"}}
{"logTime": "0921/224742", "correlationVector":"9Mdh603J9UyrLg69ePeTCP.2","action":"Commit Response", "result":"Success", "context":Result: Success. cV=9Mdh603J9UyrLg69ePeTCP.0;server=GENERAL0100002M;cloudType=Multitenant;environment=Prod_EastUS2_000e;migrationStage=NotStarted}
{"logTime": "0921/224812", "correlationVector":"PqJ2cDDOlgr47dvYRc6bhh","action":"Commit Request", "result":"", "context":Item count: 1
Contributing types: Sessions}
{"logTime": "0921/224812", "correlationVector":"PqJ2cDDOlgr47dvYRc6bhh.1","action":"SyncServerConnectionManagerRequest", "result":"SYNC_SERVER_OK", "context":{"environment":"Prod_EastUS2_000e", "migrationStage":"NotStarted", "server":"GENERAL0100000M"}}
{"logTime": "0921/224812", "correlationVector":"PqJ2cDDOlgr47dvYRc6bhh.2","action":"Commit Response", "result":"Success", "context":Result: Success. cV=PqJ2cDDOlgr47dvYRc6bhh.0;server=GENERAL0100000M;cloudType=Multitenant;environment=Prod_EastUS2_000e;migrationStage=NotStarted}
{"logTime": "0921/224907", "correlationVector":"ZEhnqnxhF49gvPLIiWYSn1","action":"Commit Request", "result":"", "context":Item count: 1
Contributing types: Sessions}
{"logTime": "0921/224907", "correlationVector":"ZEhnqnxhF49gvPLIiWYSn1.1","action":"SyncServerConnectionManagerRequest", "result":"SYNC_SERVER_OK", "context":{"environment":"Prod_EastUS2_000e", "migrationStage":"NotStarted", "server":"GENERAL0100001Z"}}
{"logTime": "0921/224907", "correlationVector":"ZEhnqnxhF49gvPLIiWYSn1.2","action":"Commit Response", "result":"Success", "context":Result: Success. cV=ZEhnqnxhF49gvPLIiWYSn1.0;server=GENERAL0100001Z;cloudType=Multitenant;environment=Prod_EastUS2_000e;migrationStage=NotStarted}
{"logTime": "0921/225142", "correlationVector":"d0LnsAWmUOkT9yCffYkIO1.1","action":"SyncServerConnectionManagerRequest", "result":"SYNC_SERVER_OK", "context":{"environment":"Prod_EastUS2_000e", "migrationStage":"NotStarted", "server":"GENERAL0100000R"}}
{"logTime": "0921/225144", "correlationVector":"d0LnsAWmUOkT9yCffYkIO1.2","action":"AAD.Mip.Unpack", "result":"Success", "context":MIP_CLOUD_COMMERCIAL:Success}
{"logTime": "0921/225144", "correlationVector":"d0LnsAWmUOkT9yCffYkIO1.3","action":"AAD.GetKeyResponse", "result":"Success", "context":Keys=4.LastKeyStatus=Normal. 2024-08-06 19:40:31 -06.State=None. Tags: Current_encryption_keys_tag = RzHvv71077+9Iu+/vQd6G3Hbgibvv70jEhsrx48O77+924kadUbvv73vv73ThA==, Updated_current_encryption_keys_tag = Empty}
{"logTime": "0921/225144", "correlationVector":"d0LnsAWmUOkT9yCffYkIO1","action":"Initial GetUpdates", "result":"", "context":Reason: NEW_CLIENT. cV=d0LnsAWmUOkT9yCffYkIO1}
{"logTime": "0921/225144", "correlationVector":"d0LnsAWmUOkT9yCffYkIO1.4","action":"GetUpdates Response", "result":"Success", "context":Received 1 update(s). cV=d0LnsAWmUOkT9yCffYkIO1.0;server=GENERAL0100000R;cloudType=Multitenant;environment=Prod_EastUS2_000e;migrationStage=NotStarted}
{"logTime": "0921/225144", "correlationVector":"NO/+ijWZhLaRQ0JxASmJiv","action":"Initial GetUpdates", "result":"", "context":Reason: NEWLY_SUPPORTED_DATATYPE. cV=NO/+ijWZhLaRQ0JxASmJiv}
{"logTime": "0921/225144", "correlationVector":"NO/+ijWZhLaRQ0JxASmJiv.1","action":"SyncServerConnectionManagerRequest", "result":"SYNC_SERVER_OK", "context":{"environment":"Prod_EastUS2_000e", "migrationStage":"NotStarted", "server":"GENERAL01000019"}}
{"logTime": "0921/225144", "correlationVector":"NO/+ijWZhLaRQ0JxASmJiv.2","action":"GetUpdates Response", "result":"Success", "context":Received 1 update(s). cV=NO/+ijWZhLaRQ0JxASmJiv.0;server=GENERAL01000019;cloudType=Multitenant;environment=Prod_EastUS2_000e;migrationStage=NotStarted}
{"logTime": "0921/225144", "correlationVector":"cLBvBWJWPSHatsofZYW3sj","action":"Normal GetUpdate request", "result":"", "context":cV=cLBvBWJWPSHatsofZYW3sj
Nudged types: Sessions
Refresh requested types: Bookmarks, Preferences, Passwords, Autofill Profiles, Autofill, Typed URLs, Extensions, Sessions, Extension settings, History Delete Directives, Device Info, User Consents, Send Tab To Self, Web Apps, Collection, Edge E Drop, Edge Hub App Usage, Edge Tab Group, Edge Wallet, Encryption Keys}
{"logTime": "0921/225144", "correlationVector":"cLBvBWJWPSHatsofZYW3sj.1","action":"SyncServerConnectionManagerRequest", "result":"SYNC_SERVER_OK", "context":{"environment":"Prod_EastUS2_000e", "migrationStage":"NotStarted", "server":"GENERAL0100000I"}}
{"logTime": "0921/225144", "correlationVector":"cLBvBWJWPSHatsofZYW3sj.2","action":"GetUpdates", "result":"DeleteReceived", "context":{"id":"73a4086f-d952-4c24-b790-75f544b20a18", "isDeleted:":"true", "version":"1726958862662"}}
{"logTime": "0921/225144", "correlationVector":"cLBvBWJWPSHatsofZYW3sj.3","action":"GetUpdates Response", "result":"Success", "context":Received 2 update(s). cV=cLBvBWJWPSHatsofZYW3sj.0;server=GENERAL0100000I;cloudType=Multitenant;environment=Prod_EastUS2_000e;migrationStage=NotStarted}
{"logTime": "0921/225144", "correlationVector":"dd4dGiCfBkF717QugoQwtI","action":"Commit Request", "result":"", "context":Item count: 3
Contributing types: Sessions}
{"logTime": "0921/225144", "correlationVector":"dd4dGiCfBkF717QugoQwtI.1","action":"SyncServerConnectionManagerRequest", "result":"SYNC_SERVER_OK", "context":{"environment":"Prod_EastUS2_000e", "migrationStage":"NotStarted", "server":"GENERAL01000006"}}
{"logTime": "0921/225144", "correlationVector":"dd4dGiCfBkF717QugoQwtI.2","action":"Commit Response", "result":"Success", "context":Result: Success. cV=dd4dGiCfBkF717QugoQwtI.0;server=GENERAL01000006;cloudType=Multitenant;environment=Prod_EastUS2_000e;migrationStage=NotStarted}
{"logTime": "0921/225214", "correlationVector":"f+OAX+TLqvs4z8kXuH7nNI","action":"Normal GetUpdate request", "result":"", "context":cV=f+OAX+TLqvs4z8kXuH7nNI
Nudged types: Sessions}
{"logTime": "0921/225215", "correlationVector":"f+OAX+TLqvs4z8kXuH7nNI.1","action":"SyncServerConnectionManagerRequest", "result":"SYNC_SERVER_OK", "context":{"environment":"Prod_EastUS2_000e", "migrationStage":"NotStarted", "server":"general0100000V"}}
{"logTime": "0921/225215", "correlationVector":"f+OAX+TLqvs4z8kXuH7nNI.2","action":"GetUpdates Response", "result":"Success", "context":Received 3 update(s). cV=f+OAX+TLqvs4z8kXuH7nNI.0;server=general0100000V;cloudType=Multitenant;environment=Prod_EastUS2_000e;migrationStage=NotStarted}
{"logTime": "0921/225328", "correlationVector":"8Ms4PIThwQsyk3ndxqKe69","action":"Commit Request", "result":"", "context":Item count: 2
Contributing types: Sessions}
{"logTime": "0921/225328", "correlationVector":"8Ms4PIThwQsyk3ndxqKe69.1","action":"SyncServerConnectionManagerRequest", "result":"SYNC_SERVER_OK", "context":{"environment":"Prod_EastUS2_000e", "migrationStage":"NotStarted", "server":"GENERAL0100000H"}}
{"logTime": "0921/225328", "correlationVector":"8Ms4PIThwQsyk3ndxqKe69.2","action":"Commit Response", "result":"Success", "context":Result: Success. cV=8Ms4PIThwQsyk3ndxqKe69.0;server=GENERAL0100000H;cloudType=Multitenant;environment=Prod_EastUS2_000e;migrationStage=NotStarted}
{"logTime": "0921/225328", "correlationVector":"8Ms4PIThwQsyk3ndxqKe69.3","action":"Commit.Sessions", "result":"Success", "context":{"id":"18f54bd4-9db3-4dd5-9ff7-2df3b48d18f8", "isDeleted":"true", "size":"0", "version":"1726959104718"}}
{"logTime": "0921/225422", "correlationVector":"b4NNbZZqhYeQwfQLrpMzx/","action":"Commit Request", "result":"", "context":Item count: 1
Contributing types: Sessions}
{"logTime": "0921/225422", "correlationVector":"b4NNbZZqhYeQwfQLrpMzx/.1","action":"SyncServerConnectionManagerRequest", "result":"SYNC_SERVER_OK", "context":{"environment":"Prod_EastUS2_000e", "migrationStage":"NotStarted", "server":"GENERAL0100000M"}}
{"logTime": "0921/225422", "correlationVector":"b4NNbZZqhYeQwfQLrpMzx/.2","action":"Commit Response", "result":"Success", "context":Result: Success. cV=b4NNbZZqhYeQwfQLrpMzx/.0;server=GENERAL0100000M;cloudType=Multitenant;environment=Prod_EastUS2_000e;migrationStage=NotStarted}
{"logTime": "0921/225559", "correlationVector":"wszPZbvmrCeLZk34XYDUfv","action":"Commit Request", "result":"", "context":Item count: 1
Contributing types: Sessions}
{"logTime": "0921/225600", "correlationVector":"wszPZbvmrCeLZk34XYDUfv.1","action":"SyncServerConnectionManagerRequest", "result":"SYNC_SERVER_OK", "context":{"environment":"Prod_EastUS2_000e", "migrationStage":"NotStarted", "server":"GENERAL01000006"}}
{"logTime": "0921/225600", "correlationVector":"wszPZbvmrCeLZk34XYDUfv.2","action":"Commit Response", "result":"Success", "context":Result: Success. cV=wszPZbvmrCeLZk34XYDUfv.0;server=GENERAL01000006;cloudType=Multitenant;environment=Prod_EastUS2_000e;migrationStage=NotStarted}
{"logTime": "0921/225642", "correlationVector":"mijIuMlbYA9VWrhL+sYWx2","action":"Normal GetUpdate request", "result":"", "context":cV=mijIuMlbYA9VWrhL+sYWx2
Refresh requested types: Bookmarks, Preferences, Passwords, Autofill Profiles, Autofill, Typed URLs, Extensions, Sessions, Extension settings, History Delete Directives, Device Info, User Consents, Send Tab To Self, Web Apps, Collection, Edge E Drop, Edge Hub App Usage, Edge Tab Group, Edge Wallet, Encryption Keys}
{"logTime": "0921/225643", "correlationVector":"mijIuMlbYA9VWrhL+sYWx2.1","action":"SyncServerConnectionManagerRequest", "result":"SYNC_SERVER_OK", "context":{"environment":"Prod_EastUS2_000e", "migrationStage":"NotStarted", "server":"GENERAL01000009"}}
{"logTime": "0921/225643", "correlationVector":"mijIuMlbYA9VWrhL+sYWx2.2","action":"GetUpdates", "result":"DeleteReceived", "context":{"id":"18f54bd4-9db3-4dd5-9ff7-2df3b48d18f8", "isDeleted:":"true", "version":"1726959208243"}}
{"logTime": "0921/225643", "correlationVector":"mijIuMlbYA9VWrhL+sYWx2.3","action":"GetUpdates", "result":"DeleteReceived", "context":{"id":"f47265b5-777c-4bf0-8d0d-3e0edda74783", "isDeleted:":"true", "version":"1726959392461"}}
{"logTime": "0921/225643", "correlationVector":"mijIuMlbYA9VWrhL+sYWx2.4","action":"GetUpdates Response", "result":"Success", "context":Received 4 update(s). cV=mijIuMlbYA9VWrhL+sYWx2.0;server=GENERAL01000009;cloudType=Multitenant;environment=Prod_EastUS2_000e;migrationStage=NotStarted}
{"logTime": "0921/225849", "correlationVector":"m7S+ITJokgg0ieJHXtFMop","action":"Commit Request", "result":"", "context":Item count: 2
Contributing types: Sessions}
{"logTime": "0921/225849", "correlationVector":"m7S+ITJokgg0ieJHXtFMop.1","action":"SyncServerConnectionManagerRequest", "result":"SYNC_SERVER_OK", "context":{"environment":"Prod_EastUS2_000e", "migrationStage":"NotStarted", "server":"GENERAL0100000X"}}
{"logTime": "0921/225849", "correlationVector":"m7S+ITJokgg0ieJHXtFMop.2","action":"Commit Response", "result":"Success", "context":Result: Success. cV=m7S+ITJokgg0ieJHXtFMop.0;server=GENERAL0100000X;cloudType=Multitenant;environment=Prod_EastUS2_000e;migrationStage=NotStarted}
{"logTime": "0921/230310", "correlationVector":"6MOm/drxZVeAsyIbkOQCqp","action":"Commit Request", "result":"", "context":Item count: 1
Contributing types: Sessions}
{"logTime": "0921/230311", "correlationVector":"6MOm/drxZVeAsyIbkOQCqp.1","action":"SyncServerConnectionManagerRequest", "result":"SYNC_SERVER_OK", "context":{"environment":"Prod_EastUS2_000e", "migrationStage":"NotStarted", "server":"GENERAL01000015"}}
{"logTime": "0921/230311", "correlationVector":"6MOm/drxZVeAsyIbkOQCqp.2","action":"Commit Response", "result":"Success", "context":Result: Success. cV=6MOm/drxZVeAsyIbkOQCqp.0;server=GENERAL01000015;cloudType=Multitenant;environment=Prod_EastUS2_000e;migrationStage=NotStarted}
{"logTime": "0921/230348", "correlationVector":"Zju26YJSjKJFuqN2wuDMdR","action":"Commit Request", "result":"", "context":Item count: 1
Contributing types: Sessions}
{"logTime": "0921/230349", "correlationVector":"Zju26YJSjKJFuqN2wuDMdR.1","action":"SyncServerConnectionManagerRequest", "result":"SYNC_SERVER_OK", "context":{"environment":"Prod_EastUS2_000e", "migrationStage":"NotStarted", "server":"GENERAL0100002B"}}
{"logTime": "0921/230349", "correlationVector":"Zju26YJSjKJFuqN2wuDMdR.2","action":"Commit Response", "result":"Success", "context":Result: Success. cV=Zju26YJSjKJFuqN2wuDMdR.0;server=GENERAL0100002B;cloudType=Multitenant;environment=Prod_EastUS2_000e;migrationStage=NotStarted}
{"logTime": "0921/230420", "correlationVector":"LTFo+HBjpUrqYmyGfyEaJy.1","action":"SyncServerConnectionManagerRequest", "result":"SYNC_SERVER_OK", "context":{"environment":"Prod_EastUS2_000e", "migrationStage":"NotStarted", "server":"GENERAL0100000T"}}
{"logTime": "0921/230421", "correlationVector":"LTFo+HBjpUrqYmyGfyEaJy.2","action":"AAD.Mip.Unpack", "result":"Success", "context":MIP_CLOUD_COMMERCIAL:Success}
{"logTime": "0921/230421", "correlationVector":"LTFo+HBjpUrqYmyGfyEaJy.3","action":"AAD.GetKeyResponse", "result":"Success", "context":Keys=4.LastKeyStatus=Normal. 2024-08-06 19:40:31 -06.State=None. Tags: Current_encryption_keys_tag = RzHvv71077+9Iu+/vQd6G3Hbgibvv70jEhsrx48O77+924kadUbvv73vv73ThA==, Updated_current_encryption_keys_tag = Empty}
{"logTime": "0921/230421", "correlationVector":"LTFo+HBjpUrqYmyGfyEaJy","action":"Initial GetUpdates", "result":"", "context":Reason: NEW_CLIENT. cV=LTFo+HBjpUrqYmyGfyEaJy}
{"logTime": "0921/230421", "correlationVector":"LTFo+HBjpUrqYmyGfyEaJy.4","action":"GetUpdates Response", "result":"Success", "context":Received 1 update(s). cV=LTFo+HBjpUrqYmyGfyEaJy.0;server=GENERAL0100000T;cloudType=Multitenant;environment=Prod_EastUS2_000e;migrationStage=NotStarted}
{"logTime": "0921/230421", "correlationVector":"mRfRSGQUtMGf/BJgBjzBUe","action":"Initial GetUpdates", "result":"", "context":Reason: NEWLY_SUPPORTED_DATATYPE. cV=mRfRSGQUtMGf/BJgBjzBUe}
{"logTime": "0921/230422", "correlationVector":"mRfRSGQUtMGf/BJgBjzBUe.1","action":"SyncServerConnectionManagerRequest", "result":"SYNC_SERVER_OK", "context":{"environment":"Prod_EastUS2_000e", "migrationStage":"NotStarted", "server":"GENERAL0100001V"}}
{"logTime": "0921/230422", "correlationVector":"mRfRSGQUtMGf/BJgBjzBUe.2","action":"GetUpdates Response", "result":"Success", "context":Received 1 update(s). cV=mRfRSGQUtMGf/BJgBjzBUe.0;server=GENERAL0100001V;cloudType=Multitenant;environment=Prod_EastUS2_000e;migrationStage=NotStarted}
{"logTime": "0921/230422", "correlationVector":"fELjol9R8qQ1lxMDsiOU2k","action":"Normal GetUpdate request", "result":"", "context":cV=fELjol9R8qQ1lxMDsiOU2k
Nudged types: Sessions
Refresh requested types: Bookmarks, Preferences, Passwords, Autofill Profiles, Autofill, Typed URLs, Extensions, Sessions, Extension settings, History Delete Directives, Device Info, User Consents, Send Tab To Self, Web Apps, Collection, Edge E Drop, Edge Hub App Usage, Edge Tab Group, Edge Wallet, Encryption Keys}
{"logTime": "0921/230422", "correlationVector":"fELjol9R8qQ1lxMDsiOU2k.1","action":"SyncServerConnectionManagerRequest", "result":"SYNC_SERVER_OK", "context":{"environment":"Prod_EastUS2_000e", "migrationStage":"NotStarted", "server":"GENERAL0100002I"}}
{"logTime": "0921/230422", "correlationVector":"fELjol9R8qQ1lxMDsiOU2k.2","action":"GetUpdates Response", "result":"Success", "context":Received 6 update(s). cV=fELjol9R8qQ1lxMDsiOU2k.0;server=GENERAL0100002I;cloudType=Multitenant;environment=Prod_EastUS2_000e;migrationStage=NotStarted}
{"logTime": "0921/230422", "correlationVector":"e4rD2NMvufIgyOY/KfAKC9","action":"Commit Request", "result":"", "context":Item count: 1
Contributing types: Sessions}
{"logTime": "0921/230422", "correlationVector":"e4rD2NMvufIgyOY/KfAKC9.1","action":"SyncServerConnectionManagerRequest", "result":"SYNC_SERVER_OK", "context":{"environment":"Prod_EastUS2_000e", "migrationStage":"NotStarted", "server":"GENERAL01000000"}}
{"logTime": "0921/230422", "correlationVector":"e4rD2NMvufIgyOY/KfAKC9.2","action":"Commit Response", "result":"Success", "context":Result: Success. cV=e4rD2NMvufIgyOY/KfAKC9.0;server=GENERAL01000000;cloudType=Multitenant;environment=Prod_EastUS2_000e;migrationStage=NotStarted}
{"logTime": "0921/230452", "correlationVector":"p6r6Sfi7Irf9L7l0YANW9g","action":"Normal GetUpdate request", "result":"", "context":cV=p6r6Sfi7Irf9L7l0YANW9g
Nudged types: Sessions}
{"logTime": "0921/230452", "correlationVector":"p6r6Sfi7Irf9L7l0YANW9g.1","action":"SyncServerConnectionManagerRequest", "result":"SYNC_SERVER_OK", "context":{"environment":"Prod_EastUS2_000e", "migrationStage":"NotStarted", "server":"GENERAL01000027"}}
{"logTime": "0921/230452", "correlationVector":"p6r6Sfi7Irf9L7l0YANW9g.2","action":"GetUpdates Response", "result":"Success", "context":Received 1 update(s). cV=p6r6Sfi7Irf9L7l0YANW9g.0;server=GENERAL01000027;cloudType=Multitenant;environment=Prod_EastUS2_000e;migrationStage=NotStarted}
{"logTime": "0921/230452", "correlationVector":"Ab9nK16HjPVt4/KTrZQTtO","action":"Commit Request", "result":"", "context":Item count: 2
Contributing types: Sessions}
{"logTime": "0921/230452", "correlationVector":"Ab9nK16HjPVt4/KTrZQTtO.1","action":"SyncServerConnectionManagerRequest", "result":"SYNC_SERVER_OK", "context":{"environment":"Prod_EastUS2_000e", "migrationStage":"NotStarted", "server":"GENERAL0100000O"}}
{"logTime": "0921/230452", "correlationVector":"Ab9nK16HjPVt4/KTrZQTtO.2","action":"Commit Response", "result":"Success", "context":Result: Success. cV=Ab9nK16HjPVt4/KTrZQTtO.0;server=GENERAL0100000O;cloudType=Multitenant;environment=Prod_EastUS2_000e;migrationStage=NotStarted}
{"logTime": "0921/230852", "correlationVector":"Us1QytS3mxO1s2lXg/Yl95.1","action":"SyncServerConnectionManagerRequest", "result":"SYNC_SERVER_OK", "context":{"environment":"Prod_EastUS2_000e", "migrationStage":"NotStarted", "server":"general0100000D"}}
{"logTime": "0921/230853", "correlationVector":"Us1QytS3mxO1s2lXg/Yl95.2","action":"AAD.Mip.Unpack", "result":"Success", "context":MIP_CLOUD_COMMERCIAL:Success}
{"logTime": "0921/230853", "correlationVector":"Us1QytS3mxO1s2lXg/Yl95.3","action":"AAD.GetKeyResponse", "result":"Success", "context":Keys=4.LastKeyStatus=Normal. 2024-08-06 19:40:31 -06.State=None. Tags: Current_encryption_keys_tag = RzHvv71077+9Iu+/vQd6G3Hbgibvv70jEhsrx48O77+924kadUbvv73vv73ThA==, Updated_current_encryption_keys_tag = Empty}
{"logTime": "0921/230853", "correlationVector":"Us1QytS3mxO1s2lXg/Yl95","action":"Initial GetUpdates", "result":"", "context":Reason: NEW_CLIENT. cV=Us1QytS3mxO1s2lXg/Yl95}
{"logTime": "0921/230853", "correlationVector":"Us1QytS3mxO1s2lXg/Yl95.4","action":"GetUpdates Response", "result":"Success", "context":Received 1 update(s). cV=Us1QytS3mxO1s2lXg/Yl95.0;server=general0100000D;cloudType=Multitenant;environment=Prod_EastUS2_000e;migrationStage=NotStarted}
{"logTime": "0921/230853", "correlationVector":"5sjPNadbA95+C9LJlR1/Mr","action":"Initial GetUpdates", "result":"", "context":Reason: NEWLY_SUPPORTED_DATATYPE. cV=5sjPNadbA95+C9LJlR1/Mr}
{"logTime": "0921/230854", "correlationVector":"5sjPNadbA95+C9LJlR1/Mr.1","action":"SyncServerConnectionManagerRequest", "result":"SYNC_SERVER_OK", "context":{"environment":"Prod_EastUS2_000e", "migrationStage":"NotStarted", "server":"GENERAL01000029"}}
{"logTime": "0921/230854", "correlationVector":"5sjPNadbA95+C9LJlR1/Mr.2","action":"GetUpdates Response", "result":"Success", "context":Received 1 update(s). cV=5sjPNadbA95+C9LJlR1/Mr.0;server=GENERAL01000029;cloudType=Multitenant;environment=Prod_EastUS2_000e;migrationStage=NotStarted}
{"logTime": "0921/230854", "correlationVector":"iDP+zIQ1MCT+6d72GcPYE3","action":"Normal GetUpdate request", "result":"", "context":cV=iDP+zIQ1MCT+6d72GcPYE3
Nudged types: Sessions
Refresh requested types: Bookmarks, Preferences, Passwords, Autofill Profiles, Autofill, Typed URLs, Extensions, Sessions, Extension settings, History Delete Directives, Device Info, User Consents, Send Tab To Self, Web Apps, Collection, Edge E Drop, Edge Hub App Usage, Edge Tab Group, Edge Wallet, Encryption Keys}
{"logTime": "0921/230854", "correlationVector":"iDP+zIQ1MCT+6d72GcPYE3.1","action":"SyncServerConnectionManagerRequest", "result":"SYNC_SERVER_OK", "context":{"environment":"Prod_EastUS2_000e", "migrationStage":"NotStarted", "server":"GENERAL01000029"}}
{"logTime": "0921/230854", "correlationVector":"iDP+zIQ1MCT+6d72GcPYE3.2","action":"GetUpdates Response", "result":"Success", "context":Received 2 update(s). cV=iDP+zIQ1MCT+6d72GcPYE3.0;server=GENERAL01000029;cloudType=Multitenant;environment=Prod_EastUS2_000e;migrationStage=NotStarted}
{"logTime": "0921/230854", "correlationVector":"rYGQ7DRNROvpHiWj968qL4","action":"Commit Request", "result":"", "context":Item count: 3
Contributing types: Sessions}
{"logTime": "0921/230854", "correlationVector":"rYGQ7DRNROvpHiWj968qL4.1","action":"SyncServerConnectionManagerRequest", "result":"SYNC_SERVER_OK", "context":{"environment":"Prod_EastUS2_000e", "migrationStage":"NotStarted", "server":"GENERAL0100001D"}}
{"logTime": "0921/230854", "correlationVector":"rYGQ7DRNROvpHiWj968qL4.2","action":"Commit Response", "result":"Success", "context":Result: Success. cV=rYGQ7DRNROvpHiWj968qL4.0;server=GENERAL0100001D;cloudType=Multitenant;environment=Prod_EastUS2_000e;migrationStage=NotStarted}
{"logTime": "0921/230924", "correlationVector":"Pv2jQKo7/7LZdpqLlUvDby","action":"Normal GetUpdate request", "result":"", "context":cV=Pv2jQKo7/7LZdpqLlUvDby
Nudged types: Sessions}
{"logTime": "0921/230924", "correlationVector":"Pv2jQKo7/7LZdpqLlUvDby.1","action":"SyncServerConnectionManagerRequest", "result":"SYNC_SERVER_OK", "context":{"environment":"Prod_EastUS2_000e", "migrationStage":"NotStarted", "server":"GENERAL0100002T"}}
{"logTime": "0921/230924", "correlationVector":"Pv2jQKo7/7LZdpqLlUvDby.2","action":"GetUpdates Response", "result":"Success", "context":Received 3 update(s). cV=Pv2jQKo7/7LZdpqLlUvDby.0;server=GENERAL0100002T;cloudType=Multitenant;environment=Prod_EastUS2_000e;migrationStage=NotStarted}
{"logTime": "0921/230924", "correlationVector":"AyACjA5V1NYpQ0cMdCejeA","action":"Commit Request", "result":"", "context":Item count: 1
Contributing types: Sessions}
{"logTime": "0921/230924", "correlationVector":"AyACjA5V1NYpQ0cMdCejeA.1","action":"SyncServerConnectionManagerRequest", "result":"SYNC_SERVER_OK", "context":{"environment":"Prod_EastUS2_000e", "migrationStage":"NotStarted", "server":"GENERAL0100000T"}}
{"logTime": "0921/230924", "correlationVector":"AyACjA5V1NYpQ0cMdCejeA.3","action":"Commit.Sessions", "result":"Success", "context":{"id":"511c0868-141f-4366-a357-8406cb9b5539", "isDeleted":"true", "size":"0", "version":"1726960134365"}}
{"logTime": "0921/230924", "correlationVector":"AyACjA5V1NYpQ0cMdCejeA.2","action":"Commit Response", "result":"Success", "context":Result: Success. cV=AyACjA5V1NYpQ0cMdCejeA.0;server=GENERAL0100000T;cloudType=Multitenant;environment=Prod_EastUS2_000e;migrationStage=NotStarted}
{"logTime": "0921/230954", "correlationVector":"Z207HyQ6EtXjBdsSN2YTNM","action":"Commit Request", "result":"", "context":Item count: 1
Contributing types: Sessions}
{"logTime": "0921/230955", "correlationVector":"Z207HyQ6EtXjBdsSN2YTNM.1","action":"SyncServerConnectionManagerRequest", "result":"SYNC_SERVER_OK", "context":{"environment":"Prod_EastUS2_000e", "migrationStage":"NotStarted", "server":"GENERAL01000021"}}
{"logTime": "0921/230955", "correlationVector":"Z207HyQ6EtXjBdsSN2YTNM.2","action":"Commit Response", "result":"Success", "context":Result: Success. cV=Z207HyQ6EtXjBdsSN2YTNM.0;server=GENERAL01000021;cloudType=Multitenant;environment=Prod_EastUS2_000e;migrationStage=NotStarted}
{"logTime": "0921/231359", "correlationVector":"fPfT2yoLl1H5nge4pkbk27.1","action":"SyncServerConnectionManagerRequest", "result":"SYNC_SERVER_OK", "context":{"environment":"Prod_EastUS2_000e", "migrationStage":"NotStarted", "server":"GENERAL0100002T"}}
{"logTime": "0921/231400", "correlationVector":"fPfT2yoLl1H5nge4pkbk27.2","action":"AAD.Mip.Unpack", "result":"Success", "context":MIP_CLOUD_COMMERCIAL:Success}
{"logTime": "0921/231400", "correlationVector":"fPfT2yoLl1H5nge4pkbk27.3","action":"AAD.GetKeyResponse", "result":"Success", "context":Keys=4.LastKeyStatus=Normal. 2024-08-06 19:40:31 -06.State=None. Tags: Current_encryption_keys_tag = RzHvv71077+9Iu+/vQd6G3Hbgibvv70jEhsrx48O77+924kadUbvv73vv73ThA==, Updated_current_encryption_keys_tag = Empty}
{"logTime": "0921/231400", "correlationVector":"fPfT2yoLl1H5nge4pkbk27","action":"Initial GetUpdates", "result":"", "context":Reason: NEW_CLIENT. cV=fPfT2yoLl1H5nge4pkbk27}
{"logTime": "0921/231400", "correlationVector":"fPfT2yoLl1H5nge4pkbk27.4","action":"GetUpdates Response", "result":"Success", "context":Received 1 update(s). cV=fPfT2yoLl1H5nge4pkbk27.0;server=GENERAL0100002T;cloudType=Multitenant;environment=Prod_EastUS2_000e;migrationStage=NotStarted}
{"logTime": "0921/231400", "correlationVector":"95ywk80k3ImWJx9MqJLvaR","action":"Initial GetUpdates", "result":"", "context":Reason: NEWLY_SUPPORTED_DATATYPE. cV=95ywk80k3ImWJx9MqJLvaR}
{"logTime": "0921/231400", "correlationVector":"95ywk80k3ImWJx9MqJLvaR.1","action":"SyncServerConnectionManagerRequest", "result":"SYNC_SERVER_OK", "context":{"environment":"Prod_EastUS2_000e", "migrationStage":"NotStarted", "server":"GENERAL0100001X"}}
{"logTime": "0921/231400", "correlationVector":"95ywk80k3ImWJx9MqJLvaR.2","action":"GetUpdates Response", "result":"Success", "context":Received 1 update(s). cV=95ywk80k3ImWJx9MqJLvaR.0;server=GENERAL0100001X;cloudType=Multitenant;environment=Prod_EastUS2_000e;migrationStage=NotStarted}
{"logTime": "0921/231400", "correlationVector":"zzdNetGKfyxTVYibi6uW6A","action":"Normal GetUpdate request", "result":"", "context":cV=zzdNetGKfyxTVYibi6uW6A
Nudged types: Sessions
Refresh requested types: Bookmarks, Preferences, Passwords, Autofill Profiles, Autofill, Typed URLs, Extensions, Sessions, Extension settings, History Delete Directives, Device Info, User Consents, Send Tab To Self, Web Apps, Collection, Edge E Drop, Edge Hub App Usage, Edge Tab Group, Edge Wallet, Encryption Keys}
{"logTime": "0921/231401", "correlationVector":"zzdNetGKfyxTVYibi6uW6A.1","action":"SyncServerConnectionManagerRequest", "result":"SYNC_SERVER_OK", "context":{"environment":"Prod_EastUS2_000e", "migrationStage":"NotStarted", "server":"GENERAL01000010"}}
{"logTime": "0921/231401", "correlationVector":"zzdNetGKfyxTVYibi6uW6A.2","action":"GetUpdates", "result":"DeleteReceived", "context":{"id":"511c0868-141f-4366-a357-8406cb9b5539", "isDeleted:":"true", "version":"1726960164714"}}
{"logTime": "0921/231401", "correlationVector":"zzdNetGKfyxTVYibi6uW6A.3","action":"GetUpdates Response", "result":"Success", "context":Received 2 update(s). cV=zzdNetGKfyxTVYibi6uW6A.0;server=GENERAL01000010;cloudType=Multitenant;environment=Prod_EastUS2_000e;migrationStage=NotStarted}
{"logTime": "0921/231401", "correlationVector":"F0qbGoZGvLkP8kTNwik191","action":"Commit Request", "result":"", "context":Item count: 3
Contributing types: Sessions}
{"logTime": "0921/231401", "correlationVector":"F0qbGoZGvLkP8kTNwik191.1","action":"SyncServerConnectionManagerRequest", "result":"SYNC_SERVER_OK", "context":{"environment":"Prod_EastUS2_000e", "migrationStage":"NotStarted", "server":"GENERAL0100000Q"}}
{"logTime": "0921/231401", "correlationVector":"F0qbGoZGvLkP8kTNwik191.3","action":"Commit.Sessions", "result":"Success", "context":{"id":"d817667a-0608-4d71-90e0-7d9c61a44e01", "isDeleted":"true", "size":"0", "version":"1726960194908"}}
{"logTime": "0921/231401", "correlationVector":"F0qbGoZGvLkP8kTNwik191.2","action":"Commit Response", "result":"Success", "context":Result: Success. cV=F0qbGoZGvLkP8kTNwik191.0;server=GENERAL0100000Q;cloudType=Multitenant;environment=Prod_EastUS2_000e;migrationStage=NotStarted}
{"logTime": "0921/231431", "correlationVector":"rpQMxwEp9LnSR430HH+Taw","action":"Normal GetUpdate request", "result":"", "context":cV=rpQMxwEp9LnSR430HH+Taw
Nudged types: Sessions}
{"logTime": "0921/231431", "correlationVector":"rpQMxwEp9LnSR430HH+Taw.1","action":"SyncServerConnectionManagerRequest", "result":"SYNC_SERVER_OK", "context":{"environment":"Prod_EastUS_000w", "migrationStage":"NotStarted", "server":"GENERAL11000024"}}
{"logTime": "0921/231431", "correlationVector":"rpQMxwEp9LnSR430HH+Taw.2","action":"GetUpdates", "result":"DeleteReceived", "context":{"id":"d817667a-0608-4d71-90e0-7d9c61a44e01", "isDeleted:":"true", "version":"1726960441082"}}
{"logTime": "0921/231431", "correlationVector":"rpQMxwEp9LnSR430HH+Taw.3","action":"GetUpdates Response", "result":"Success", "context":Received 3 update(s). cV=rpQMxwEp9LnSR430HH+Taw.0;server=GENERAL11000024;cloudType=Multitenant;environment=Prod_EastUS_000w;migrationStage=NotStarted}
{"logTime": "0921/231431", "correlationVector":"IosXcfKn/AeqPySrSMLv3t","action":"DoCompareDataConsistency requsted types: ", "result":"Bookmarks, Preferences, Passwords, Typed URLs, Extensions, Extension settings, History Delete Directives, Send Tab To Self, Web Apps, Collection, Edge E Drop, Edge Tab Group, Edge Wallet, Encryption Keys"}
{"logTime": "0921/231431", "correlationVector":"IosXcfKn/AeqPySrSMLv3t.0","action":"CompareDataConsistency result: ", "result":"Compare result: Encryption Keys is consistent. local entities count is: 1 local entities hash is: xLIV5nh71+zdJwJA4vmj0HNkRP8="}
{"logTime": "0921/231431", "correlationVector":"IosXcfKn/AeqPySrSMLv3t.1","action":"CompareDataConsistency result: ", "result":"Compare result: Bookmarks is consistent. local entities count is: 3 local entities hash is: jvpI965I2HXn/hqWvW/JlFgi1fE="}
{"logTime": "0921/231431", "correlationVector":"IosXcfKn/AeqPySrSMLv3t.2","action":"CompareDataConsistency result: ", "result":"Compare result: Preferences is consistent. local entities count is: 52 local entities hash is: qbYxO6STG6CHDqywyHjUGFG95tY="}
{"logTime": "0921/231431", "correlationVector":"IosXcfKn/AeqPySrSMLv3t.3","action":"CompareDataConsistency result: ", "result":"Compare result: Passwords is consistent. local entities count is: 1 local entities hash is: GtOhEq8eXXzc23F0LtAqNk8Ev8U="}
{"logTime": "0921/231431", "correlationVector":"IosXcfKn/AeqPySrSMLv3t.4","action":"CompareDataConsistency result: ", "result":"Server did not send this Typed URLs local entities count is: 3 local entities hash is: sNcbg+8p9cHuGp5cRt1TlNB2eHM="}
{"logTime": "0921/231431", "correlationVector":"IosXcfKn/AeqPySrSMLv3t.5","action":"CompareDataConsistency result: ", "result":"Compare result: Extensions is consistent. local entities count is: 0 local entities hash is: "}
{"logTime": "0921/231431", "correlationVector":"IosXcfKn/AeqPySrSMLv3t.6","action":"CompareDataConsistency result: ", "result":"Compare result: Extension settings is consistent. local entities count is: 0 local entities hash is: "}
{"logTime": "0921/231431", "correlationVector":"IosXcfKn/AeqPySrSMLv3t.7","action":"CompareDataConsistency result: ", "result":"Compare result: History Delete Directives is consistent. local entities count is: 0 local entities hash is: "}
{"logTime": "0921/231431", "correlationVector":"IosXcfKn/AeqPySrSMLv3t.8","action":"CompareDataConsistency result: ", "result":"Server did not send this Send Tab To Self local entities count is: 0 local entities hash is: "}
{"logTime": "0921/231431", "correlationVector":"IosXcfKn/AeqPySrSMLv3t.9","action":"CompareDataConsistency result: ", "result":"Compare result: Web Apps is consistent. local entities count is: 0 local entities hash is: "}
{"logTime": "0921/231431", "correlationVector":"IosXcfKn/AeqPySrSMLv3t.10","action":"CompareDataConsistency result: ", "result":"Compare result: Collection is consistent. local entities count is: 0 local entities hash is: "}
{"logTime": "0921/231431", "correlationVector":"IosXcfKn/AeqPySrSMLv3t.11","action":"CompareDataConsistency result: ", "result":"Compare result: Edge E Drop is consistent. local entities count is: 0 local entities hash is: "}
{"logTime": "0921/231431", "correlationVector":"IosXcfKn/AeqPySrSMLv3t.12","action":"CompareDataConsistency result: ", "result":"Compare result: Edge Tab Group is consistent. local entities count is: 0 local entities hash is: "}
{"logTime": "0921/231431", "correlationVector":"IosXcfKn/AeqPySrSMLv3t.13","action":"CompareDataConsistency result: ", "result":"Compare result: Edge Wallet is consistent. local entities count is: 0 local entities hash is: "}
{"logTime": "0921/231431", "correlationVector":"sXsr0FZAcKiUhyvt+3koWZ","action":"Commit Request", "result":"", "context":Item count: 1
Contributing types: Sessions}
{"logTime": "0921/231431", "correlationVector":"sXsr0FZAcKiUhyvt+3koWZ.1","action":"SyncServerConnectionManagerRequest", "result":"SYNC_SERVER_OK", "context":{"environment":"Prod_EastUS_000w", "migrationStage":"NotStarted", "server":"GENERAL1100000L"}}
{"logTime": "0921/231431", "correlationVector":"sXsr0FZAcKiUhyvt+3koWZ.2","action":"Commit Response", "result":"Success", "context":Result: Success. cV=sXsr0FZAcKiUhyvt+3koWZ.0;server=GENERAL1100000L;cloudType=Multitenant;environment=Prod_EastUS_000w;migrationStage=NotStarted}
{"logTime": "0921/231431", "correlationVector":"","action":"DIAGNOSTIC_REQUEST|v1/diagnosticData/Diagnostic.SendCheckResult()|SUCCESS", "result":""}
{"logTime": "0921/231859", "correlationVector":"huSzRB0cfz577CW2CJNf39","action":"Normal GetUpdate request", "result":"", "context":cV=huSzRB0cfz577CW2CJNf39
Refresh requested types: Bookmarks, Preferences, Passwords, Autofill Profiles, Autofill, Typed URLs, Extensions, Sessions, Extension settings, History Delete Directives, Device Info, User Consents, Send Tab To Self, Web Apps, Collection, Edge E Drop, Edge Hub App Usage, Edge Tab Group, Edge Wallet, Encryption Keys}
{"logTime": "0921/231859", "correlationVector":"huSzRB0cfz577CW2CJNf39.1","action":"SyncServerConnectionManagerRequest", "result":"SYNC_SERVER_OK", "context":{"environment":"Prod_EastUS2_000e", "migrationStage":"NotStarted", "server":"GENERAL0100000P"}}
{"logTime": "0921/231859", "correlationVector":"huSzRB0cfz577CW2CJNf39.2","action":"GetUpdates Response", "result":"Success", "context":Received 1 update(s). cV=huSzRB0cfz577CW2CJNf39.0;server=GENERAL0100000P;cloudType=Multitenant;environment=Prod_EastUS2_000e;migrationStage=NotStarted}
{"logTime": "0921/232444", "correlationVector":"aHjXPVcd+7niXOVVM5bvsK","action":"Commit Request", "result":"", "context":Item count: 1
Contributing types: Sessions}
{"logTime": "0921/232444", "correlationVector":"aHjXPVcd+7niXOVVM5bvsK.1","action":"SyncServerConnectionManagerRequest", "result":"SYNC_SERVER_OK", "context":{"environment":"Prod_EastUS2_000e", "migrationStage":"NotStarted", "server":"GENERAL01000006"}}
{"logTime": "0921/232444", "correlationVector":"aHjXPVcd+7niXOVVM5bvsK.2","action":"Commit Response", "result":"Success", "context":Result: Success. cV=aHjXPVcd+7niXOVVM5bvsK.0;server=GENERAL01000006;cloudType=Multitenant;environment=Prod_EastUS2_000e;migrationStage=NotStarted}
{"logTime": "0921/232649", "correlationVector":"iJohK/NMZTqDIfLjp73axF.1","action":"SyncServerConnectionManagerRequest", "result":"SYNC_SERVER_OK", "context":{"environment":"Prod_EastUS2_000e", "migrationStage":"NotStarted", "server":"GENERAL0100002W"}}
{"logTime": "0921/232650", "correlationVector":"iJohK/NMZTqDIfLjp73axF.2","action":"AAD.Mip.Unpack", "result":"Success", "context":MIP_CLOUD_COMMERCIAL:Success}
{"logTime": "0921/232650", "correlationVector":"iJohK/NMZTqDIfLjp73axF.3","action":"AAD.GetKeyResponse", "result":"Success", "context":Keys=4.LastKeyStatus=Normal. 2024-08-06 19:40:31 -06.State=None. Tags: Current_encryption_keys_tag = RzHvv71077+9Iu+/vQd6G3Hbgibvv70jEhsrx48O77+924kadUbvv73vv73ThA==, Updated_current_encryption_keys_tag = Empty}
{"logTime": "0921/232650", "correlationVector":"iJohK/NMZTqDIfLjp73axF","action":"Initial GetUpdates", "result":"", "context":Reason: NEW_CLIENT. cV=iJohK/NMZTqDIfLjp73axF}
{"logTime": "0921/232650", "correlationVector":"iJohK/NMZTqDIfLjp73axF.4","action":"GetUpdates Response", "result":"Success", "context":Received 1 update(s). cV=iJohK/NMZTqDIfLjp73axF.0;server=GENERAL0100002W;cloudType=Multitenant;environment=Prod_EastUS2_000e;migrationStage=NotStarted}
{"logTime": "0921/232650", "correlationVector":"t0EYtiW5n49fu8hJj/1vJr","action":"Initial GetUpdates", "result":"", "context":Reason: NEWLY_SUPPORTED_DATATYPE. cV=t0EYtiW5n49fu8hJj/1vJr}
{"logTime": "0921/232650", "correlationVector":"t0EYtiW5n49fu8hJj/1vJr.1","action":"SyncServerConnectionManagerRequest", "result":"SYNC_SERVER_OK", "context":{"environment":"Prod_EastUS2_000e", "migrationStage":"NotStarted", "server":"GENERAL0100000G"}}
{"logTime": "0921/232650", "correlationVector":"t0EYtiW5n49fu8hJj/1vJr.2","action":"GetUpdates Response", "result":"Success", "context":Received 1 update(s). cV=t0EYtiW5n49fu8hJj/1vJr.0;server=GENERAL0100000G;cloudType=Multitenant;environment=Prod_EastUS2_000e;migrationStage=NotStarted}
{"logTime": "0921/232651", "correlationVector":"1aIClQPJF8A8K/MLICo3z7","action":"Normal GetUpdate request", "result":"", "context":cV=1aIClQPJF8A8K/MLICo3z7
Nudged types: Sessions
Refresh requested types: Bookmarks, Preferences, Passwords, Autofill Profiles, Autofill, Typed URLs, Extensions, Sessions, Extension settings, History Delete Directives, Device Info, User Consents, Send Tab To Self, Web Apps, Collection, Edge E Drop, Edge Hub App Usage, Edge Tab Group, Edge Wallet, Encryption Keys}
{"logTime": "0921/232651", "correlationVector":"1aIClQPJF8A8K/MLICo3z7.1","action":"SyncServerConnectionManagerRequest", "result":"SYNC_SERVER_OK", "context":{"environment":"Prod_EastUS2_000e", "migrationStage":"NotStarted", "server":"GENERAL0100001V"}}
{"logTime": "0921/232651", "correlationVector":"1aIClQPJF8A8K/MLICo3z7.2","action":"GetUpdates Response", "result":"Success", "context":Received 1 update(s). cV=1aIClQPJF8A8K/MLICo3z7.0;server=GENERAL0100001V;cloudType=Multitenant;environment=Prod_EastUS2_000e;migrationStage=NotStarted}
{"logTime": "0921/232651", "correlationVector":"ysB6RFZbxO2Bu0vTTnnCed","action":"Commit Request", "result":"", "context":Item count: 3
Contributing types: Sessions}
{"logTime": "0921/232651", "correlationVector":"ysB6RFZbxO2Bu0vTTnnCed.1","action":"SyncServerConnectionManagerRequest", "result":"SYNC_SERVER_OK", "context":{"environment":"Prod_EastUS2_000e", "migrationStage":"NotStarted", "server":"GENERAL01000010"}}
{"logTime": "0921/232651", "correlationVector":"ysB6RFZbxO2Bu0vTTnnCed.3","action":"Commit.Sessions", "result":"Success", "context":{"id":"942222f6-d098-445e-8745-e7e6d3ff9996", "isDeleted":"true", "size":"0", "version":"1726961084450"}}
{"logTime": "0921/232651", "correlationVector":"ysB6RFZbxO2Bu0vTTnnCed.2","action":"Commit Response", "result":"Success", "context":Result: Success. cV=ysB6RFZbxO2Bu0vTTnnCed.0;server=GENERAL01000010;cloudType=Multitenant;environment=Prod_EastUS2_000e;migrationStage=NotStarted}
{"logTime": "0921/232721", "correlationVector":"yX72a78Brnvcsk/GDDsWso","action":"Normal GetUpdate request", "result":"", "context":cV=yX72a78Brnvcsk/GDDsWso
Nudged types: Sessions}
{"logTime": "0921/232721", "correlationVector":"yX72a78Brnvcsk/GDDsWso.1","action":"SyncServerConnectionManagerRequest", "result":"SYNC_SERVER_OK", "context":{"environment":"Prod_EastUS2_000e", "migrationStage":"NotStarted", "server":"GENERAL01000003"}}
{"logTime": "0921/232721", "correlationVector":"yX72a78Brnvcsk/GDDsWso.2","action":"GetUpdates", "result":"DeleteReceived", "context":{"id":"942222f6-d098-445e-8745-e7e6d3ff9996", "isDeleted:":"true", "version":"1726961211195"}}
{"logTime": "0921/232721", "correlationVector":"yX72a78Brnvcsk/GDDsWso.3","action":"GetUpdates Response", "result":"Success", "context":Received 3 update(s). cV=yX72a78Brnvcsk/GDDsWso.0;server=GENERAL01000003;cloudType=Multitenant;environment=Prod_EastUS2_000e;migrationStage=NotStarted}
{"logTime": "0921/232923", "correlationVector":"WA31ayFjtAnQo8jyIn00Cz","action":"Commit Request", "result":"", "context":Item count: 3
Contributing types: Sessions}
{"logTime": "0921/232923", "correlationVector":"WA31ayFjtAnQo8jyIn00Cz.1","action":"SyncServerConnectionManagerRequest", "result":"SYNC_SERVER_OK", "context":{"environment":"Prod_EastUS2_000e", "migrationStage":"NotStarted", "server":"GENERAL0100000H"}}
{"logTime": "0921/232923", "correlationVector":"WA31ayFjtAnQo8jyIn00Cz.2","action":"Commit Response", "result":"Success", "context":Result: Success. cV=WA31ayFjtAnQo8jyIn00Cz.0;server=GENERAL0100000H;cloudType=Multitenant;environment=Prod_EastUS2_000e;migrationStage=NotStarted}
{"logTime": "0921/233149", "correlationVector":"PMlf1QS815nvw2ED9aC0lt","action":"Normal GetUpdate request", "result":"", "context":cV=PMlf1QS815nvw2ED9aC0lt
Refresh requested types: Bookmarks, Preferences, Passwords, Autofill Profiles, Autofill, Typed URLs, Extensions, Sessions, Extension settings, History Delete Directives, Device Info, User Consents, Send Tab To Self, Web Apps, Collection, Edge E Drop, Edge Hub App Usage, Edge Tab Group, Edge Wallet, Encryption Keys}
{"logTime": "0921/233150", "correlationVector":"PMlf1QS815nvw2ED9aC0lt.1","action":"SyncServerConnectionManagerRequest", "result":"SYNC_SERVER_OK", "context":{"environment":"Prod_EastUS2_000e", "migrationStage":"NotStarted", "server":"GENERAL01000023"}}
{"logTime": "0921/233150", "correlationVector":"PMlf1QS815nvw2ED9aC0lt.2","action":"GetUpdates Response", "result":"Success", "context":Received 3 update(s). cV=PMlf1QS815nvw2ED9aC0lt.0;server=GENERAL01000023;cloudType=Multitenant;environment=Prod_EastUS2_000e;migrationStage=NotStarted}
